[debug] [2023-11-17T19:20:04.952Z] ----------------------------------------------------------------------
[debug] [2023-11-17T19:20:04.953Z] Command:       /usr/local/bin/node /usr/local/bin/firebase init
[debug] [2023-11-17T19:20:04.953Z] CLI Version:   12.9.1
[debug] [2023-11-17T19:20:04.954Z] Platform:      darwin
[debug] [2023-11-17T19:20:04.954Z] Node Version:  v20.9.0
[debug] [2023-11-17T19:20:04.954Z] Time:          Fri Nov 17 2023 20:20:04 GMT+0100 (GMT+01:00)
[debug] [2023-11-17T19:20:04.954Z] ----------------------------------------------------------------------
[debug] 
[debug] [2023-11-17T19:20:04.955Z] > command requires scopes: ["email","openid","https://www.googleapis.com/auth/cloudplatformprojects.readonly","https://www.googleapis.com/auth/firebase","https://www.googleapis.com/auth/cloud-platform"]
[debug] [2023-11-17T19:20:04.956Z] > authorizing via signed-in user (ryad.guerroudj@gmail.com)
[info] 
     ######## #### ########  ######## ########     ###     ######  ########
     ##        ##  ##     ## ##       ##     ##  ##   ##  ##       ##
     ######    ##  ########  ######   ########  #########  ######  ######
     ##        ##  ##    ##  ##       ##     ## ##     ##       ## ##
     ##       #### ##     ## ######## ########  ##     ##  ######  ########

You're about to initialize a Firebase project in this directory:

  /Users/ryad/Desktop/meca.web

[info] 
=== Project Setup
[info] 
[info] First, let's associate this project directory with a Firebase project.
[info] You can create multiple project aliases by running firebase use --add, 
[info] but for now we'll just set up a default project.
[info] 
[debug] [2023-11-17T19:20:43.846Z] >>> [apiv2][query] GET https://firebase.googleapis.com/v1beta1/projects pageSize=100
[debug] [2023-11-17T19:20:44.600Z] <<< [apiv2][status] GET https://firebase.googleapis.com/v1beta1/projects 200
[debug] [2023-11-17T19:20:44.601Z] <<< [apiv2][body] GET https://firebase.googleapis.com/v1beta1/projects [omitted]
[info] i  Using project meca-5747b (Meca) 
[info] 
=== Hosting Setup
[debug] [2023-11-17T19:20:49.454Z] >>> [apiv2][query] GET https://firebase.googleapis.com/v1beta1/projects/meca-5747b [none]
[debug] [2023-11-17T19:20:49.647Z] <<< [apiv2][status] GET https://firebase.googleapis.com/v1beta1/projects/meca-5747b 200
[debug] [2023-11-17T19:20:49.648Z] <<< [apiv2][body] GET https://firebase.googleapis.com/v1beta1/projects/meca-5747b {"projectId":"meca-5747b","projectNumber":"268589074088","displayName":"Meca","name":"projects/meca-5747b","resources":{"hostingSite":"meca-5747b"},"state":"ACTIVE","etag":"1_fa5157ba-911a-4a05-ba5e-225cf4d2439c"}
[info] 
[info] Your public directory is the folder (relative to your project directory) that
[info] will contain Hosting assets to be uploaded with firebase deploy. If you
[info] have a build process for your assets, use your build's output directory.
[info] 
[debug] [2023-11-17T19:21:38.045Z] >>> [apiv2][query] GET https://www.gstatic.com/firebasejs/releases.json [none]
[debug] [2023-11-17T19:21:38.208Z] <<< [apiv2][status] GET https://www.gstatic.com/firebasejs/releases.json 200
[debug] [2023-11-17T19:21:38.208Z] <<< [apiv2][body] GET https://www.gstatic.com/firebasejs/releases.json {"current":{"version":"10.6.0","browserURL":"https://www.gstatic.com/firebasejs/10.6.0/firebase.js","packageURL":"https://www.gstatic.com/firebasejs/10.6.0/firebase.tgz"},"live":{"version":"10.6","browserURL":"https://www.gstatic.com/firebasejs/live/10.6/firebase.js","packageURL":"https://www.gstatic.com/firebasejs/live/10.6/firebase.tgz"},"components":{"analytics":"https://www.gstatic.com/firebasejs/10.6.0/firebase-analytics.js","app":"https://www.gstatic.com/firebasejs/10.6.0/firebase-app.js","app-check":"https://www.gstatic.com/firebasejs/10.6.0/firebase-app-check.js","auth":"https://www.gstatic.com/firebasejs/10.6.0/firebase-auth.js","auth/cordova":"https://www.gstatic.com/firebasejs/10.6.0/firebase-auth/cordova.js","functions":"https://www.gstatic.com/firebasejs/10.6.0/firebase-functions.js","firestore":"https://www.gstatic.com/firebasejs/10.6.0/firebase-firestore.js","firestore/lite":"https://www.gstatic.com/firebasejs/10.6.0/firebase-firestore/lite.js","installations":"https://www.gstatic.com/firebasejs/10.6.0/firebase-installations.js","storage":"https://www.gstatic.com/firebasejs/10.6.0/firebase-storage.js","performance":"https://www.gstatic.com/firebasejs/10.6.0/firebase-performance.js","remote-config":"https://www.gstatic.com/firebasejs/10.6.0/firebase-remote-config.js","messaging":"https://www.gstatic.com/firebasejs/10.6.0/firebase-messaging.js","messaging/sw":"https://www.gstatic.com/firebasejs/10.6.0/firebase-messaging/sw.js","database":"https://www.gstatic.com/firebasejs/10.6.0/firebase-database.js","firestore.memory":"https://www.gstatic.com/firebasejs/10.6.0/firebase-firestore.memory.js"}}
[info] ✔  Wrote public/index.html 
[info] 
[info] i  Detected a .git folder at /Users/ryad/Desktop/meca.web 
[info] i  Authorizing with GitHub to upload your service account to a GitHub repository's secrets store. 
[info] 
[info] Visit this URL on this device to log in:
[info] https://github.com/login/oauth/authorize?client_id=89cf50f02ac6aaed3484&state=1012291818&redirect_uri=http%3A%2F%2Flocalhost%3A9005&scope=read%3Auser%20repo%20public_repo
[info] 
[info] Waiting for authentication...
[debug] [2023-11-17T19:22:00.749Z] >>> [apiv2][query] POST https://github.com/login/oauth/access_token [none]
[debug] [2023-11-17T19:22:00.750Z] >>> [apiv2][body] POST https://github.com/login/oauth/access_token [stream]
[debug] [2023-11-17T19:22:01.085Z] <<< [apiv2][status] POST https://github.com/login/oauth/access_token 200
[debug] [2023-11-17T19:22:01.085Z] <<< [apiv2][body] POST https://github.com/login/oauth/access_token {"access_token":"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","token_type":"bearer","scope":"read:user,repo"}
[debug] [2023-11-17T19:22:01.090Z] >>> [apiv2][query] GET https://api.github.com/user [none]
[debug] [2023-11-17T19:22:01.532Z] <<< [apiv2][status] GET https://api.github.com/user 200
[debug] [2023-11-17T19:22:01.532Z] <<< [apiv2][body] GET https://api.github.com/user {"login":"Rashamido","id":26494136,"node_id":"MDQ6VXNlcjI2NDk0MTM2","avatar_url":"https://avatars.githubusercontent.com/u/26494136?v=4","gravatar_id":"","url":"https://api.github.com/users/Rashamido","html_url":"https://github.com/Rashamido","followers_url":"https://api.github.com/users/Rashamido/followers","following_url":"https://api.github.com/users/Rashamido/following{/other_user}","gists_url":"https://api.github.com/users/Rashamido/gists{/gist_id}","starred_url":"https://api.github.com/users/Rashamido/starred{/owner}{/repo}","subscriptions_url":"https://api.github.com/users/Rashamido/subscriptions","organizations_url":"https://api.github.com/users/Rashamido/orgs","repos_url":"https://api.github.com/users/Rashamido/repos","events_url":"https://api.github.com/users/Rashamido/events{/privacy}","received_events_url":"https://api.github.com/users/Rashamido/received_events","type":"User","site_admin":false,"name":"Ryad","company":null,"blog":"","location":null,"email":null,"hireable":null,"bio":null,"twitter_username":null,"public_repos":0,"public_gists":0,"followers":0,"following":1,"created_at":"2017-03-17T23:02:15Z","updated_at":"2023-10-29T13:48:16Z","private_gists":0,"total_private_repos":6,"owned_private_repos":6,"disk_usage":2082830,"collaborators":0,"two_factor_authentication":false,"plan":{"name":"free","space":976562499,"collaborators":0,"private_repos":10000}}
[info] 
[info] ✔  Success! Logged into GitHub as Rashamido 
[info] 
[debug] [2023-11-17T19:23:17.342Z] >>> [apiv2][query] GET https://api.github.com/repos/Meca.Web/actions/secrets/public-key type=owner
[debug] [2023-11-17T19:23:17.600Z] <<< [apiv2][status] GET https://api.github.com/repos/Meca.Web/actions/secrets/public-key 404
[debug] [2023-11-17T19:23:17.600Z] <<< [apiv2][body] GET https://api.github.com/repos/Meca.Web/actions/secrets/public-key {"message":"Not Found","documentation_url":"https://docs.github.com/rest"}
[info] 
[info] 
[error] ⚠  The provided authorization cannot be used with this repository. If this repository is in an organization, did you remember to grant access? 
[info] 
[info] i  Action required: Visit this URL to ensure access has been granted to the appropriate organization(s) for the Firebase CLI GitHub OAuth App: 
[info] https://github.com/settings/connections/applications/89cf50f02ac6aaed3484
[info] 
[debug] [2023-11-17T19:23:20.173Z] >>> [apiv2][query] GET https://api.github.com/repos/Meca.Web/actions/secrets/public-key type=owner
[debug] [2023-11-17T19:23:20.329Z] <<< [apiv2][status] GET https://api.github.com/repos/Meca.Web/actions/secrets/public-key 404
[debug] [2023-11-17T19:23:20.329Z] <<< [apiv2][body] GET https://api.github.com/repos/Meca.Web/actions/secrets/public-key {"message":"Not Found","documentation_url":"https://docs.github.com/rest"}
[info] 
[info] 
[error] ⚠  The provided authorization cannot be used with this repository. If this repository is in an organization, did you remember to grant access? 
[info] 
[info] i  Action required: Visit this URL to ensure access has been granted to the appropriate organization(s) for the Firebase CLI GitHub OAuth App: 
[info] https://github.com/settings/connections/applications/89cf50f02ac6aaed3484
[info] 
[debug] [2023-11-17T19:23:34.528Z] >>> [apiv2][query] GET https://api.github.com/repos/Meca.Web/actions/secrets/public-key type=owner
[debug] [2023-11-17T19:23:34.772Z] <<< [apiv2][status] GET https://api.github.com/repos/Meca.Web/actions/secrets/public-key 404
[debug] [2023-11-17T19:23:34.772Z] <<< [apiv2][body] GET https://api.github.com/repos/Meca.Web/actions/secrets/public-key {"message":"Not Found","documentation_url":"https://docs.github.com/rest"}
[info] 
[info] 
[error] ⚠  The provided authorization cannot be used with this repository. If this repository is in an organization, did you remember to grant access? 
[info] 
[info] i  Action required: Visit this URL to ensure access has been granted to the appropriate organization(s) for the Firebase CLI GitHub OAuth App: 
[info] https://github.com/settings/connections/applications/89cf50f02ac6aaed3484
[info] 
[debug] [2023-11-17T19:24:35.683Z] >>> [apiv2][query] GET https://api.github.com/repos/Meca.Web/actions/secrets/public-key type=owner
[debug] [2023-11-17T19:24:35.966Z] <<< [apiv2][status] GET https://api.github.com/repos/Meca.Web/actions/secrets/public-key 404
[debug] [2023-11-17T19:24:35.966Z] <<< [apiv2][body] GET https://api.github.com/repos/Meca.Web/actions/secrets/public-key {"message":"Not Found","documentation_url":"https://docs.github.com/rest"}
[info] 
[info] 
[error] ⚠  The provided authorization cannot be used with this repository. If this repository is in an organization, did you remember to grant access? 
[info] 
[info] i  Action required: Visit this URL to ensure access has been granted to the appropriate organization(s) for the Firebase CLI GitHub OAuth App: 
[info] https://github.com/settings/connections/applications/89cf50f02ac6aaed3484
[info] 
[debug] [2023-11-17T19:26:14.635Z] >>> [apiv2][query] GET https://api.github.com/repos/Raishamido/Meca.Web/actions/secrets/public-key type=owner
[debug] [2023-11-17T19:26:14.902Z] <<< [apiv2][status] GET https://api.github.com/repos/Raishamido/Meca.Web/actions/secrets/public-key 404
[debug] [2023-11-17T19:26:14.902Z] <<< [apiv2][body] GET https://api.github.com/repos/Raishamido/Meca.Web/actions/secrets/public-key {"message":"Not Found","documentation_url":"https://docs.github.com/rest/actions/secrets#get-a-repository-public-key"}
[info] 
[info] 
[error] ⚠  The provided authorization cannot be used with this repository. If this repository is in an organization, did you remember to grant access? 
[info] 
[info] i  Action required: Visit this URL to ensure access has been granted to the appropriate organization(s) for the Firebase CLI GitHub OAuth App: 
[info] https://github.com/settings/connections/applications/89cf50f02ac6aaed3484
[info] 
